c:\users\victort\downloads\graphics (1)\graphics\graphics\debug\vc143.pdb
c:\users\victort\downloads\graphics (1)\graphics\graphics\debug\vc143.idb
c:\users\victort\downloads\graphics (1)\graphics\graphics\debug\main.obj
c:\users\user\downloads\graphics (2)\graphics\graphics\debug\vc143.pdb
c:\users\user\downloads\graphics (2)\graphics\graphics\debug\vc143.idb
c:\users\user\downloads\graphics (2)\graphics\graphics\debug\main.obj
c:\users\victort\downloads\graphics (1)\graphics\debug\graphics.exe
c:\users\victort\downloads\graphics (1)\graphics\graphics\debug\graphics.ilk
c:\users\victort\downloads\graphics (1)\graphics\debug\graphics.pdb
c:\users\user\downloads\graphics (2)\graphics\graphics\debug\graphics.ilk
c:\users\user\downloads\graphics (2)\graphics\debug\graphics.exe
c:\users\user\downloads\graphics (2)\graphics\debug\graphics.pdb
c:\users\user\downloads\graphics (2)\graphics\graphics\debug\vc141.idb
c:\users\user\downloads\graphics (2)\graphics\graphics\debug\vc141.pdb
c:\users\user\downloads\graphics (2)\graphics\debug\graphics.ilk
c:\users\user\downloads\graphics (2)\graphics\graphics\debug\graphics.tlog\cl.command.1.tlog
c:\users\user\downloads\graphics (2)\graphics\graphics\debug\graphics.tlog\cl.items.tlog
c:\users\user\downloads\graphics (2)\graphics\graphics\debug\graphics.tlog\cl.read.1.tlog
c:\users\user\downloads\graphics (2)\graphics\graphics\debug\graphics.tlog\cl.write.1.tlog
c:\users\user\downloads\graphics (2)\graphics\graphics\debug\graphics.tlog\link.command.1.tlog
c:\users\user\downloads\graphics (2)\graphics\graphics\debug\graphics.tlog\link.read.1.tlog
c:\users\user\downloads\graphics (2)\graphics\graphics\debug\graphics.tlog\link.write.1.tlog
